<?xml version="1.0" encoding="UTF-8"?>
<testng-results skipped="0" failed="0" ignored="0" total="1" passed="1">
  <reporter-output>
  </reporter-output>
  <suite name="Suite" duration-ms="14014" started-at="2019-04-21T20:47:01Z" finished-at="2019-04-21T20:47:15Z">
    <groups>
    </groups>
    <test name="Test" duration-ms="14014" started-at="2019-04-21T20:47:01Z" finished-at="2019-04-21T20:47:15Z">
      <class name="Com.NYT.TestCases.ToVerifySections">
        <test-method status="PASS" signature="installApp()[pri:0, instance:Com.NYT.TestCases.ToVerifySections@73ad2d6]" name="installApp" is-config="true" duration-ms="16" started-at="2019-04-21T20:47:01Z" finished-at="2019-04-21T20:47:01Z">
          <reporter-output>
          </reporter-output>
        </test-method> <!-- installApp -->
        <test-method status="PASS" signature="Appinvoke()[pri:0, instance:Com.NYT.TestCases.ToVerifySections@73ad2d6]" name="Appinvoke" is-config="true" duration-ms="7462" started-at="2019-04-21T20:47:01Z" finished-at="2019-04-21T20:47:09Z">
          <reporter-output>
          </reporter-output>
        </test-method> <!-- Appinvoke -->
        <test-method status="PASS" signature="checkSectionlist()[pri:0, instance:Com.NYT.TestCases.ToVerifySections@73ad2d6]" name="checkSectionlist" duration-ms="5558" started-at="2019-04-21T20:47:09Z" finished-at="2019-04-21T20:47:14Z">
          <reporter-output>
          </reporter-output>
        </test-method> <!-- checkSectionlist -->
        <test-method status="PASS" signature="QuitApp()[pri:0, instance:Com.NYT.TestCases.ToVerifySections@73ad2d6]" name="QuitApp" is-config="true" duration-ms="953" started-at="2019-04-21T20:47:14Z" finished-at="2019-04-21T20:47:15Z">
          <reporter-output>
          </reporter-output>
        </test-method> <!-- QuitApp -->
      </class> <!-- Com.NYT.TestCases.ToVerifySections -->
    </test> <!-- Test -->
  </suite> <!-- Suite -->
</testng-results>
